17:23:01.825 INFO basemod.BaseMod> initializeGson
17:23:01.826 INFO basemod.BaseMod> initializeTypeMaps
17:23:01.827 INFO basemod.BaseMod> Registered MonsterStrings
17:23:01.827 INFO basemod.BaseMod> Registered PowerStrings
17:23:01.828 INFO basemod.BaseMod> Registered CardStrings
17:23:01.828 INFO basemod.BaseMod> Registered RelicStrings
17:23:01.829 INFO basemod.BaseMod> Registered EventStrings
17:23:01.829 INFO basemod.BaseMod> Registered PotionStrings
17:23:01.829 INFO basemod.BaseMod> Registered CreditStrings
17:23:01.830 INFO basemod.BaseMod> Registered TutorialStrings
17:23:01.830 INFO basemod.BaseMod> Registered KeywordStrings
17:23:01.840 INFO basemod.BaseMod> Registered ScoreBonusStrings
17:23:01.840 INFO basemod.BaseMod> Registered CharacterStrings
17:23:01.841 INFO basemod.BaseMod> Registered UIStrings
17:23:01.841 INFO basemod.BaseMod> Registered OrbStrings
17:23:01.842 INFO basemod.BaseMod> Registered StanceStrings
17:23:01.842 INFO basemod.BaseMod> Registered RunModStrings
17:23:01.843 INFO basemod.BaseMod> Registered BlightStrings
17:23:01.843 INFO basemod.BaseMod> Registered AchievementStrings
17:23:01.843 INFO basemod.BaseMod> initializePowerMap
17:23:02.246 WARN basemod.BaseMod> Power (com.megacrit.cardcrawl.powers.AccuracyPower) isn't Cloneable
17:23:02.247 WARN basemod.BaseMod> Power (com.megacrit.cardcrawl.powers.AfterImagePower) isn't Cloneable
17:23:02.247 WARN basemod.BaseMod> Power (com.megacrit.cardcrawl.powers.AmplifyPower) isn't Cloneable
17:23:02.247 WARN basemod.BaseMod> Power (com.megacrit.cardcrawl.powers.AngerPower) isn't Cloneable
17:23:02.247 WARN basemod.BaseMod> Power (com.megacrit.cardcrawl.powers.AngryPower) isn't Cloneable
17:23:02.248 WARN basemod.BaseMod> Power (com.megacrit.cardcrawl.powers.ArtifactPower) isn't Cloneable
17:23:02.248 WARN basemod.BaseMod> Power (com.megacrit.cardcrawl.powers.AttackBurnPower) isn't Cloneable
17:23:02.248 WARN basemod.BaseMod> Power (com.megacrit.cardcrawl.powers.BackAttackPower) isn't Cloneable
17:23:02.248 WARN basemod.BaseMod> Power (com.megacrit.cardcrawl.powers.BarricadePower) isn't Cloneable
17:23:02.248 WARN basemod.BaseMod> Power (com.megacrit.cardcrawl.powers.BeatOfDeathPower) isn't Cloneable
17:23:02.249 WARN basemod.BaseMod> Power (com.megacrit.cardcrawl.powers.BerserkPower) isn't Cloneable
17:23:02.249 WARN basemod.BaseMod> Power (com.megacrit.cardcrawl.powers.BiasPower) isn't Cloneable
17:23:02.249 WARN basemod.BaseMod> Power (com.megacrit.cardcrawl.powers.BlurPower) isn't Cloneable
17:23:02.249 WARN basemod.BaseMod> Power (com.megacrit.cardcrawl.powers.BrutalityPower) isn't Cloneable
17:23:02.249 WARN basemod.BaseMod> Power (com.megacrit.cardcrawl.powers.BufferPower) isn't Cloneable
17:23:02.249 WARN basemod.BaseMod> Power (com.megacrit.cardcrawl.powers.BurstPower) isn't Cloneable
17:23:02.249 WARN basemod.BaseMod> Power (com.megacrit.cardcrawl.powers.ChokePower) isn't Cloneable
17:23:02.249 WARN basemod.BaseMod> Power (com.megacrit.cardcrawl.powers.CollectPower) isn't Cloneable
17:23:02.249 WARN basemod.BaseMod> Power (com.megacrit.cardcrawl.powers.CombustPower) isn't Cloneable
17:23:02.249 WARN basemod.BaseMod> Power (com.megacrit.cardcrawl.powers.ConfusionPower) isn't Cloneable
17:23:02.249 WARN basemod.BaseMod> Power (com.megacrit.cardcrawl.powers.ConservePower) isn't Cloneable
17:23:02.249 WARN basemod.BaseMod> Power (com.megacrit.cardcrawl.powers.ConstrictedPower) isn't Cloneable
17:23:02.249 WARN basemod.BaseMod> Power (com.megacrit.cardcrawl.powers.CorpseExplosionPower) isn't Cloneable
17:23:02.249 WARN basemod.BaseMod> Power (com.megacrit.cardcrawl.powers.CorruptionPower) isn't Cloneable
17:23:02.249 WARN basemod.BaseMod> Power (com.megacrit.cardcrawl.powers.CreativeAIPower) isn't Cloneable
17:23:02.249 WARN basemod.BaseMod> Power (com.megacrit.cardcrawl.powers.CuriosityPower) isn't Cloneable
17:23:02.249 WARN basemod.BaseMod> Power (com.megacrit.cardcrawl.powers.CurlUpPower) isn't Cloneable
17:23:02.249 WARN basemod.BaseMod> Power (com.megacrit.cardcrawl.powers.DarkEmbracePower) isn't Cloneable
17:23:02.249 WARN basemod.BaseMod> Power (com.megacrit.cardcrawl.powers.DemonFormPower) isn't Cloneable
17:23:02.249 WARN basemod.BaseMod> Power (com.megacrit.cardcrawl.powers.DexterityPower) isn't Cloneable
17:23:02.253 WARN basemod.BaseMod> Power (com.megacrit.cardcrawl.powers.DoubleDamagePower) isn't Cloneable
17:23:02.253 WARN basemod.BaseMod> Power (com.megacrit.cardcrawl.powers.DoubleTapPower) isn't Cloneable
17:23:02.253 WARN basemod.BaseMod> Power (com.megacrit.cardcrawl.powers.DrawCardNextTurnPower) isn't Cloneable
17:23:02.253 WARN basemod.BaseMod> Power (com.megacrit.cardcrawl.powers.DrawPower) isn't Cloneable
17:23:02.253 WARN basemod.BaseMod> Power (com.megacrit.cardcrawl.powers.DrawReductionPower) isn't Cloneable
17:23:02.253 WARN basemod.BaseMod> Power (com.megacrit.cardcrawl.powers.DuplicationPower) isn't Cloneable
17:23:02.253 WARN basemod.BaseMod> Power (com.megacrit.cardcrawl.powers.EchoPower) isn't Cloneable
17:23:02.253 WARN basemod.BaseMod> Power (com.megacrit.cardcrawl.powers.ElectroPower) isn't Cloneable
17:23:02.253 WARN basemod.BaseMod> Power (com.megacrit.cardcrawl.powers.EnergizedBluePower) isn't Cloneable
17:23:02.253 WARN basemod.BaseMod> Power (com.megacrit.cardcrawl.powers.EnergizedPower) isn't Cloneable
17:23:02.253 WARN basemod.BaseMod> Power (com.megacrit.cardcrawl.powers.EntanglePower) isn't Cloneable
17:23:02.253 WARN basemod.BaseMod> Power (com.megacrit.cardcrawl.powers.EnvenomPower) isn't Cloneable
17:23:02.253 WARN basemod.BaseMod> Power (com.megacrit.cardcrawl.powers.EquilibriumPower) isn't Cloneable
17:23:02.253 WARN basemod.BaseMod> Power (com.megacrit.cardcrawl.powers.EvolvePower) isn't Cloneable
17:23:02.253 WARN basemod.BaseMod> Power (com.megacrit.cardcrawl.powers.ExplosivePower) isn't Cloneable
17:23:02.253 WARN basemod.BaseMod> Power (com.megacrit.cardcrawl.powers.FadingPower) isn't Cloneable
17:23:02.253 WARN basemod.BaseMod> Power (com.megacrit.cardcrawl.powers.FeelNoPainPower) isn't Cloneable
17:23:02.253 WARN basemod.BaseMod> Power (com.megacrit.cardcrawl.powers.FireBreathingPower) isn't Cloneable
17:23:02.253 WARN basemod.BaseMod> Power (com.megacrit.cardcrawl.powers.FlameBarrierPower) isn't Cloneable
17:23:02.253 WARN basemod.BaseMod> Power (com.megacrit.cardcrawl.powers.FlightPower) isn't Cloneable
17:23:02.253 WARN basemod.BaseMod> Power (com.megacrit.cardcrawl.powers.FocusPower) isn't Cloneable
17:23:02.257 WARN basemod.BaseMod> Power (com.megacrit.cardcrawl.powers.ForcefieldPower) isn't Cloneable
17:23:02.257 WARN basemod.BaseMod> Power (com.megacrit.cardcrawl.powers.FrailPower) isn't Cloneable
17:23:02.257 WARN basemod.BaseMod> Power (com.megacrit.cardcrawl.powers.GainStrengthPower) isn't Cloneable
17:23:02.258 WARN basemod.BaseMod> Power (com.megacrit.cardcrawl.powers.GenericStrengthUpPower) isn't Cloneable
17:23:02.258 WARN basemod.BaseMod> Power (com.megacrit.cardcrawl.powers.GrowthPower) isn't Cloneable
17:23:02.258 WARN basemod.BaseMod> Power (com.megacrit.cardcrawl.powers.HeatsinkPower) isn't Cloneable
17:23:02.258 WARN basemod.BaseMod> Power (com.megacrit.cardcrawl.powers.HelloPower) isn't Cloneable
17:23:02.258 WARN basemod.BaseMod> Power (com.megacrit.cardcrawl.powers.HexPower) isn't Cloneable
17:23:02.258 WARN basemod.BaseMod> Power (com.megacrit.cardcrawl.powers.InfiniteBladesPower) isn't Cloneable
17:23:02.258 WARN basemod.BaseMod> Power (com.megacrit.cardcrawl.powers.IntangiblePlayerPower) isn't Cloneable
17:23:02.258 WARN basemod.BaseMod> Power (com.megacrit.cardcrawl.powers.IntangiblePower) isn't Cloneable
17:23:02.258 WARN basemod.BaseMod> Power (com.megacrit.cardcrawl.powers.InvinciblePower) isn't Cloneable
17:23:02.258 WARN basemod.BaseMod> Power (com.megacrit.cardcrawl.powers.JuggernautPower) isn't Cloneable
17:23:02.258 WARN basemod.BaseMod> Power (com.megacrit.cardcrawl.powers.LightningMasteryPower) isn't Cloneable
17:23:02.258 WARN basemod.BaseMod> Power (com.megacrit.cardcrawl.powers.LockOnPower) isn't Cloneable
17:23:02.258 WARN basemod.BaseMod> Power (com.megacrit.cardcrawl.powers.LoopPower) isn't Cloneable
17:23:02.258 WARN basemod.BaseMod> Power (com.megacrit.cardcrawl.powers.LoseDexterityPower) isn't Cloneable
17:23:02.258 WARN basemod.BaseMod> Power (com.megacrit.cardcrawl.powers.LoseStrengthPower) isn't Cloneable
17:23:02.258 WARN basemod.BaseMod> Power (com.megacrit.cardcrawl.powers.MagnetismPower) isn't Cloneable
17:23:02.258 WARN basemod.BaseMod> Power (com.megacrit.cardcrawl.powers.MalleablePower) isn't Cloneable
17:23:02.258 WARN basemod.BaseMod> Power (com.megacrit.cardcrawl.powers.MayhemPower) isn't Cloneable
17:23:02.258 WARN basemod.BaseMod> Power (com.megacrit.cardcrawl.powers.MetallicizePower) isn't Cloneable
17:23:02.258 WARN basemod.BaseMod> Power (com.megacrit.cardcrawl.powers.MinionPower) isn't Cloneable
17:23:02.258 WARN basemod.BaseMod> Power (com.megacrit.cardcrawl.powers.ModeShiftPower) isn't Cloneable
17:23:02.258 WARN basemod.BaseMod> Power (com.megacrit.cardcrawl.powers.NextTurnBlockPower) isn't Cloneable
17:23:02.258 WARN basemod.BaseMod> Power (com.megacrit.cardcrawl.powers.NightmarePower) isn't Cloneable
17:23:02.258 WARN basemod.BaseMod> Power (com.megacrit.cardcrawl.powers.NoBlockPower) isn't Cloneable
17:23:02.258 WARN basemod.BaseMod> Power (com.megacrit.cardcrawl.powers.NoDrawPower) isn't Cloneable
17:23:02.260 WARN basemod.BaseMod> Power (com.megacrit.cardcrawl.powers.NoxiousFumesPower) isn't Cloneable
17:23:02.260 WARN basemod.BaseMod> Power (com.megacrit.cardcrawl.powers.PainfulStabsPower) isn't Cloneable
17:23:02.260 WARN basemod.BaseMod> Power (com.megacrit.cardcrawl.powers.PanachePower) isn't Cloneable
17:23:02.260 WARN basemod.BaseMod> Power (com.megacrit.cardcrawl.powers.PenNibPower) isn't Cloneable
17:23:02.260 WARN basemod.BaseMod> Power (com.megacrit.cardcrawl.powers.PhantasmalPower) isn't Cloneable
17:23:02.260 WARN basemod.BaseMod> Power (com.megacrit.cardcrawl.powers.PlatedArmorPower) isn't Cloneable
17:23:02.261 WARN basemod.BaseMod> Power (com.megacrit.cardcrawl.powers.PoisonPower) isn't Cloneable
17:23:02.261 WARN basemod.BaseMod> Power (com.megacrit.cardcrawl.powers.RagePower) isn't Cloneable
17:23:02.261 WARN basemod.BaseMod> Power (com.megacrit.cardcrawl.powers.ReactivePower) isn't Cloneable
17:23:02.261 WARN basemod.BaseMod> Power (com.megacrit.cardcrawl.powers.ReboundPower) isn't Cloneable
17:23:02.261 WARN basemod.BaseMod> Power (com.megacrit.cardcrawl.powers.RechargingCorePower) isn't Cloneable
17:23:02.261 WARN basemod.BaseMod> Power (com.megacrit.cardcrawl.powers.RegenPower) isn't Cloneable
17:23:02.261 WARN basemod.BaseMod> Power (com.megacrit.cardcrawl.powers.RegenerateMonsterPower) isn't Cloneable
17:23:02.261 WARN basemod.BaseMod> Power (com.megacrit.cardcrawl.powers.RegrowPower) isn't Cloneable
17:23:02.261 WARN basemod.BaseMod> Power (com.megacrit.cardcrawl.powers.RepairPower) isn't Cloneable
17:23:02.261 WARN basemod.BaseMod> Power (com.megacrit.cardcrawl.powers.ResurrectPower) isn't Cloneable
17:23:02.261 WARN basemod.BaseMod> Power (com.megacrit.cardcrawl.powers.RetainCardPower) isn't Cloneable
17:23:02.261 WARN basemod.BaseMod> Power (com.megacrit.cardcrawl.powers.RitualPower) isn't Cloneable
17:23:02.261 WARN basemod.BaseMod> Power (com.megacrit.cardcrawl.powers.RupturePower) isn't Cloneable
17:23:02.263 WARN basemod.BaseMod> Power (com.megacrit.cardcrawl.powers.SadisticPower) isn't Cloneable
17:23:02.263 WARN basemod.BaseMod> Power (com.megacrit.cardcrawl.powers.SharpHidePower) isn't Cloneable
17:23:02.263 WARN basemod.BaseMod> Power (com.megacrit.cardcrawl.powers.ShiftingPower) isn't Cloneable
17:23:02.263 WARN basemod.BaseMod> Power (com.megacrit.cardcrawl.powers.SkillBurnPower) isn't Cloneable
17:23:02.263 WARN basemod.BaseMod> Power (com.megacrit.cardcrawl.powers.SlowPower) isn't Cloneable
17:23:02.263 WARN basemod.BaseMod> Power (com.megacrit.cardcrawl.powers.SplitPower) isn't Cloneable
17:23:02.263 WARN basemod.BaseMod> Power (com.megacrit.cardcrawl.powers.SporeCloudPower) isn't Cloneable
17:23:02.263 WARN basemod.BaseMod> Power (com.megacrit.cardcrawl.powers.StasisPower) isn't Cloneable
17:23:02.264 WARN basemod.BaseMod> Power (com.megacrit.cardcrawl.powers.StaticDischargePower) isn't Cloneable
17:23:02.264 WARN basemod.BaseMod> Power (com.megacrit.cardcrawl.powers.StormPower) isn't Cloneable
17:23:02.264 WARN basemod.BaseMod> Power (com.megacrit.cardcrawl.powers.StrengthPower) isn't Cloneable
17:23:02.265 WARN basemod.BaseMod> Power (com.megacrit.cardcrawl.powers.StrikeUpPower) isn't Cloneable
17:23:02.265 WARN basemod.BaseMod> Power (com.megacrit.cardcrawl.powers.SurroundedPower) isn't Cloneable
17:23:02.265 WARN basemod.BaseMod> Power (com.megacrit.cardcrawl.powers.TheBombPower) isn't Cloneable
17:23:02.266 WARN basemod.BaseMod> Power (com.megacrit.cardcrawl.powers.ThieveryPower) isn't Cloneable
17:23:02.266 WARN basemod.BaseMod> Power (com.megacrit.cardcrawl.powers.ThornsPower) isn't Cloneable
17:23:02.266 WARN basemod.BaseMod> Power (com.megacrit.cardcrawl.powers.ThousandCutsPower) isn't Cloneable
17:23:02.266 WARN basemod.BaseMod> Power (com.megacrit.cardcrawl.powers.TimeMazePower) isn't Cloneable
17:23:02.266 WARN basemod.BaseMod> Power (com.megacrit.cardcrawl.powers.TimeWarpPower) isn't Cloneable
17:23:02.267 WARN basemod.BaseMod> Power (com.megacrit.cardcrawl.powers.ToolsOfTheTradePower) isn't Cloneable
17:23:02.267 WARN basemod.BaseMod> Power (com.megacrit.cardcrawl.powers.UnawakenedPower) isn't Cloneable
17:23:02.267 WARN basemod.BaseMod> Power (com.megacrit.cardcrawl.powers.VulnerablePower) isn't Cloneable
17:23:02.267 WARN basemod.BaseMod> Power (com.megacrit.cardcrawl.powers.WeakPower) isn't Cloneable
17:23:02.267 WARN basemod.BaseMod> Power (com.megacrit.cardcrawl.powers.WinterPower) isn't Cloneable
17:23:02.267 WARN basemod.BaseMod> Power (com.megacrit.cardcrawl.powers.WraithFormPower) isn't Cloneable
17:23:02.268 WARN basemod.BaseMod> Power (com.megacrit.cardcrawl.powers.deprecated.DEPRECATEDAlwaysMadPower) isn't Cloneable
17:23:02.268 WARN basemod.BaseMod> Power (com.megacrit.cardcrawl.powers.deprecated.DEPRECATEDCondensePower) isn't Cloneable
17:23:02.268 WARN basemod.BaseMod> Power (com.megacrit.cardcrawl.powers.deprecated.DEPRECATEDDisciplinePower) isn't Cloneable
17:23:02.268 WARN basemod.BaseMod> Power (com.megacrit.cardcrawl.powers.deprecated.DEPRECATEDEmotionalTurmoilPower) isn't Cloneable
17:23:02.268 WARN basemod.BaseMod> Power (com.megacrit.cardcrawl.powers.deprecated.DEPRECATEDFlickedPower) isn't Cloneable
17:23:02.268 WARN basemod.BaseMod> Power (com.megacrit.cardcrawl.powers.deprecated.DEPRECATEDFlowPower) isn't Cloneable
17:23:02.269 WARN basemod.BaseMod> Power (com.megacrit.cardcrawl.powers.deprecated.DEPRECATEDGroundedPower) isn't Cloneable
17:23:02.269 WARN basemod.BaseMod> Power (com.megacrit.cardcrawl.powers.deprecated.DEPRECATEDHotHotPower) isn't Cloneable
17:23:02.269 WARN basemod.BaseMod> Power (com.megacrit.cardcrawl.powers.deprecated.DEPRECATEDMasterRealityPower) isn't Cloneable
17:23:02.269 WARN basemod.BaseMod> Power (com.megacrit.cardcrawl.powers.deprecated.DEPRECATEDMasteryPower) isn't Cloneable
17:23:02.270 WARN basemod.BaseMod> Power (com.megacrit.cardcrawl.powers.deprecated.DEPRECATEDRetributionPower) isn't Cloneable
17:23:02.270 WARN basemod.BaseMod> Power (com.megacrit.cardcrawl.powers.deprecated.DEPRECATEDSerenityPower) isn't Cloneable
17:23:02.270 WARN basemod.BaseMod> Power (com.megacrit.cardcrawl.powers.watcher.BattleHymnPower) isn't Cloneable
17:23:02.270 WARN basemod.BaseMod> Power (com.megacrit.cardcrawl.powers.watcher.BlockReturnPower) isn't Cloneable
17:23:02.270 WARN basemod.BaseMod> Power (com.megacrit.cardcrawl.powers.watcher.CannotChangeStancePower) isn't Cloneable
17:23:02.271 WARN basemod.BaseMod> Power (com.megacrit.cardcrawl.powers.watcher.DevaPower) isn't Cloneable
17:23:02.271 WARN basemod.BaseMod> Power (com.megacrit.cardcrawl.powers.watcher.DevotionPower) isn't Cloneable
17:23:02.271 WARN basemod.BaseMod> Power (com.megacrit.cardcrawl.powers.watcher.EndTurnDeathPower) isn't Cloneable
17:23:02.271 WARN basemod.BaseMod> Power (com.megacrit.cardcrawl.powers.watcher.EnergyDownPower) isn't Cloneable
17:23:02.271 WARN basemod.BaseMod> Power (com.megacrit.cardcrawl.powers.watcher.EstablishmentPower) isn't Cloneable
17:23:02.271 WARN basemod.BaseMod> Power (com.megacrit.cardcrawl.powers.watcher.ForesightPower) isn't Cloneable
17:23:02.273 WARN basemod.BaseMod> Power (com.megacrit.cardcrawl.powers.watcher.FreeAttackPower) isn't Cloneable
17:23:02.273 WARN basemod.BaseMod> Power (com.megacrit.cardcrawl.powers.watcher.LikeWaterPower) isn't Cloneable
17:23:02.273 WARN basemod.BaseMod> Power (com.megacrit.cardcrawl.powers.watcher.LiveForeverPower) isn't Cloneable
17:23:02.273 WARN basemod.BaseMod> Power (com.megacrit.cardcrawl.powers.watcher.MantraPower) isn't Cloneable
17:23:02.273 WARN basemod.BaseMod> Power (com.megacrit.cardcrawl.powers.watcher.MarkPower) isn't Cloneable
17:23:02.273 WARN basemod.BaseMod> Power (com.megacrit.cardcrawl.powers.watcher.MasterRealityPower) isn't Cloneable
17:23:02.273 WARN basemod.BaseMod> Power (com.megacrit.cardcrawl.powers.watcher.MentalFortressPower) isn't Cloneable
17:23:02.274 WARN basemod.BaseMod> Power (com.megacrit.cardcrawl.powers.watcher.NirvanaPower) isn't Cloneable
17:23:02.274 WARN basemod.BaseMod> Power (com.megacrit.cardcrawl.powers.watcher.NoSkillsPower) isn't Cloneable
17:23:02.274 WARN basemod.BaseMod> Power (com.megacrit.cardcrawl.powers.watcher.OmegaPower) isn't Cloneable
17:23:02.274 WARN basemod.BaseMod> Power (com.megacrit.cardcrawl.powers.watcher.OmnisciencePower) isn't Cloneable
17:23:02.274 WARN basemod.BaseMod> Power (com.megacrit.cardcrawl.powers.watcher.RushdownPower) isn't Cloneable
17:23:02.275 WARN basemod.BaseMod> Power (com.megacrit.cardcrawl.powers.watcher.StudyPower) isn't Cloneable
17:23:02.275 WARN basemod.BaseMod> Power (com.megacrit.cardcrawl.powers.watcher.VaultPower) isn't Cloneable
17:23:02.275 WARN basemod.BaseMod> Power (com.megacrit.cardcrawl.powers.watcher.VigorPower) isn't Cloneable
17:23:02.275 WARN basemod.BaseMod> Power (com.megacrit.cardcrawl.powers.watcher.WaveOfTheHandPower) isn't Cloneable
17:23:02.275 WARN basemod.BaseMod> Power (com.megacrit.cardcrawl.powers.watcher.WrathNextTurnPower) isn't Cloneable
17:23:02.276 INFO basemod.BaseMod> initializeUnderscorePowerIDs
17:23:02.283 ERROR basemod.DevConsole> Failed to load dev console history: java.nio.file.NoSuchFileException: C:\Users\22308\AppData\Local\ModTheSpire\BaseMod\console-history.txt
